<?xml version="1.0" encoding="UTF-8"?>
<coverage generated="1667443114199" clover="3.2.0">
  <project timestamp="1667443114199" name="All files">
    <metrics statements="32" coveredstatements="32" conditionals="37" coveredconditionals="31" methods="3" coveredmethods="3" elements="72" coveredelements="66" complexity="0" loc="32" ncloc="32" packages="1" files="1" classes="1"/>
    <file name="gilded_rose.js" path="F:\renterra\take-home-interview\js-jest\src\gilded_rose.js">
      <metrics statements="32" coveredstatements="32" conditionals="37" coveredconditionals="31" methods="3" coveredmethods="3"/>
      <line num="3" count="15" type="stmt"/>
      <line num="4" count="15" type="stmt"/>
      <line num="5" count="15" type="stmt"/>
      <line num="11" count="13" type="stmt"/>
      <line num="14" count="14" type="stmt"/>
      <line num="15" count="16" type="cond" truecount="2" falsecount="0"/>
      <line num="16" count="16" type="cond" truecount="4" falsecount="0"/>
      <line num="17" count="10" type="cond" truecount="2" falsecount="0"/>
      <line num="18" count="6" type="cond" truecount="2" falsecount="0"/>
      <line num="19" count="4" type="stmt"/>
      <line num="23" count="6" type="cond" truecount="1" falsecount="1"/>
      <line num="24" count="6" type="stmt"/>
      <line num="25" count="6" type="cond" truecount="2" falsecount="0"/>
      <line num="26" count="4" type="cond" truecount="2" falsecount="0"/>
      <line num="27" count="3" type="cond" truecount="1" falsecount="1"/>
      <line num="28" count="3" type="stmt"/>
      <line num="31" count="4" type="cond" truecount="2" falsecount="0"/>
      <line num="32" count="2" type="cond" truecount="1" falsecount="1"/>
      <line num="33" count="2" type="stmt"/>
      <line num="39" count="16" type="cond" truecount="2" falsecount="0"/>
      <line num="40" count="14" type="stmt"/>
      <line num="42" count="16" type="cond" truecount="2" falsecount="0"/>
      <line num="43" count="6" type="cond" truecount="2" falsecount="0"/>
      <line num="44" count="5" type="cond" truecount="2" falsecount="0"/>
      <line num="45" count="4" type="cond" truecount="2" falsecount="0"/>
      <line num="46" count="2" type="cond" truecount="1" falsecount="1"/>
      <line num="47" count="2" type="stmt"/>
      <line num="51" count="1" type="stmt"/>
      <line num="54" count="1" type="cond" truecount="1" falsecount="1"/>
      <line num="55" count="1" type="stmt"/>
      <line num="61" count="14" type="stmt"/>
      <line num="65" count="1" type="stmt"/>
    </file>
  </project>
</coverage>
