{"F:\\renterra\\take-home-interview\\js-jest\\src\\gilded_rose.js": {"path":"F:\\renterra\\take-home-interview\\js-jest\\src\\gilded_rose.js","statementMap":{"0":{"start":{"line":3,"column":4},"end":{"line":3,"column":21}},"1":{"start":{"line":4,"column":4},"end":{"line":4,"column":25}},"2":{"start":{"line":5,"column":4},"end":{"line":5,"column":27}},"3":{"start":{"line":11,"column":4},"end":{"line":11,"column":23}},"4":{"start":{"line":14,"column":4},"end":{"line":59,"column":5}},"5":{"start":{"line":14,"column":17},"end":{"line":14,"column":18}},"6":{"start":{"line":15,"column":26},"end":{"line":15,"column":75}},"7":{"start":{"line":16,"column":6},"end":{"line":38,"column":7}},"8":{"start":{"line":17,"column":8},"end":{"line":21,"column":9}},"9":{"start":{"line":18,"column":10},"end":{"line":20,"column":11}},"10":{"start":{"line":19,"column":12},"end":{"line":19,"column":73}},"11":{"start":{"line":23,"column":8},"end":{"line":37,"column":9}},"12":{"start":{"line":24,"column":10},"end":{"line":24,"column":60}},"13":{"start":{"line":25,"column":10},"end":{"line":36,"column":11}},"14":{"start":{"line":26,"column":12},"end":{"line":30,"column":13}},"15":{"start":{"line":27,"column":14},"end":{"line":29,"column":15}},"16":{"start":{"line":28,"column":16},"end":{"line":28,"column":66}},"17":{"start":{"line":31,"column":12},"end":{"line":35,"column":13}},"18":{"start":{"line":32,"column":14},"end":{"line":34,"column":15}},"19":{"start":{"line":33,"column":16},"end":{"line":33,"column":66}},"20":{"start":{"line":39,"column":6},"end":{"line":41,"column":7}},"21":{"start":{"line":40,"column":8},"end":{"line":40,"column":56}},"22":{"start":{"line":42,"column":6},"end":{"line":58,"column":7}},"23":{"start":{"line":43,"column":8},"end":{"line":57,"column":9}},"24":{"start":{"line":44,"column":10},"end":{"line":52,"column":11}},"25":{"start":{"line":45,"column":12},"end":{"line":49,"column":13}},"26":{"start":{"line":46,"column":14},"end":{"line":48,"column":15}},"27":{"start":{"line":47,"column":16},"end":{"line":47,"column":77}},"28":{"start":{"line":51,"column":12},"end":{"line":51,"column":82}},"29":{"start":{"line":54,"column":10},"end":{"line":56,"column":11}},"30":{"start":{"line":55,"column":12},"end":{"line":55,"column":62}},"31":{"start":{"line":61,"column":4},"end":{"line":61,"column":22}},"32":{"start":{"line":65,"column":0},"end":{"line":68,"column":1}}},"fnMap":{"0":{"name":"(anonymous_0)","decl":{"start":{"line":2,"column":2},"end":{"line":2,"column":3}},"loc":{"start":{"line":2,"column":36},"end":{"line":6,"column":3}},"line":2},"1":{"name":"(anonymous_1)","decl":{"start":{"line":10,"column":2},"end":{"line":10,"column":3}},"loc":{"start":{"line":10,"column":23},"end":{"line":12,"column":3}},"line":10},"2":{"name":"(anonymous_2)","decl":{"start":{"line":13,"column":2},"end":{"line":13,"column":3}},"loc":{"start":{"line":13,"column":18},"end":{"line":62,"column":3}},"line":13}},"branchMap":{"0":{"loc":{"start":{"line":10,"column":14},"end":{"line":10,"column":22}},"type":"default-arg","locations":[{"start":{"line":10,"column":20},"end":{"line":10,"column":22}}],"line":10},"1":{"loc":{"start":{"line":15,"column":26},"end":{"line":15,"column":75}},"type":"cond-expr","locations":[{"start":{"line":15,"column":70},"end":{"line":15,"column":71}},{"start":{"line":15,"column":74},"end":{"line":15,"column":75}}],"line":15},"2":{"loc":{"start":{"line":16,"column":6},"end":{"line":38,"column":7}},"type":"if","locations":[{"start":{"line":16,"column":6},"end":{"line":38,"column":7}},{"start":{"line":16,"column":6},"end":{"line":38,"column":7}}],"line":16},"3":{"loc":{"start":{"line":16,"column":10},"end":{"line":16,"column":107}},"type":"binary-expr","locations":[{"start":{"line":16,"column":10},"end":{"line":16,"column":53}},{"start":{"line":16,"column":57},"end":{"line":16,"column":107}}],"line":16},"4":{"loc":{"start":{"line":17,"column":8},"end":{"line":21,"column":9}},"type":"if","locations":[{"start":{"line":17,"column":8},"end":{"line":21,"column":9}},{"start":{"line":17,"column":8},"end":{"line":21,"column":9}}],"line":17},"5":{"loc":{"start":{"line":18,"column":10},"end":{"line":20,"column":11}},"type":"if","locations":[{"start":{"line":18,"column":10},"end":{"line":20,"column":11}},{"start":{"line":18,"column":10},"end":{"line":20,"column":11}}],"line":18},"6":{"loc":{"start":{"line":23,"column":8},"end":{"line":37,"column":9}},"type":"if","locations":[{"start":{"line":23,"column":8},"end":{"line":37,"column":9}},{"start":{"line":23,"column":8},"end":{"line":37,"column":9}}],"line":23},"7":{"loc":{"start":{"line":25,"column":10},"end":{"line":36,"column":11}},"type":"if","locations":[{"start":{"line":25,"column":10},"end":{"line":36,"column":11}},{"start":{"line":25,"column":10},"end":{"line":36,"column":11}}],"line":25},"8":{"loc":{"start":{"line":26,"column":12},"end":{"line":30,"column":13}},"type":"if","locations":[{"start":{"line":26,"column":12},"end":{"line":30,"column":13}},{"start":{"line":26,"column":12},"end":{"line":30,"column":13}}],"line":26},"9":{"loc":{"start":{"line":27,"column":14},"end":{"line":29,"column":15}},"type":"if","locations":[{"start":{"line":27,"column":14},"end":{"line":29,"column":15}},{"start":{"line":27,"column":14},"end":{"line":29,"column":15}}],"line":27},"10":{"loc":{"start":{"line":31,"column":12},"end":{"line":35,"column":13}},"type":"if","locations":[{"start":{"line":31,"column":12},"end":{"line":35,"column":13}},{"start":{"line":31,"column":12},"end":{"line":35,"column":13}}],"line":31},"11":{"loc":{"start":{"line":32,"column":14},"end":{"line":34,"column":15}},"type":"if","locations":[{"start":{"line":32,"column":14},"end":{"line":34,"column":15}},{"start":{"line":32,"column":14},"end":{"line":34,"column":15}}],"line":32},"12":{"loc":{"start":{"line":39,"column":6},"end":{"line":41,"column":7}},"type":"if","locations":[{"start":{"line":39,"column":6},"end":{"line":41,"column":7}},{"start":{"line":39,"column":6},"end":{"line":41,"column":7}}],"line":39},"13":{"loc":{"start":{"line":42,"column":6},"end":{"line":58,"column":7}},"type":"if","locations":[{"start":{"line":42,"column":6},"end":{"line":58,"column":7}},{"start":{"line":42,"column":6},"end":{"line":58,"column":7}}],"line":42},"14":{"loc":{"start":{"line":43,"column":8},"end":{"line":57,"column":9}},"type":"if","locations":[{"start":{"line":43,"column":8},"end":{"line":57,"column":9}},{"start":{"line":43,"column":8},"end":{"line":57,"column":9}}],"line":43},"15":{"loc":{"start":{"line":44,"column":10},"end":{"line":52,"column":11}},"type":"if","locations":[{"start":{"line":44,"column":10},"end":{"line":52,"column":11}},{"start":{"line":44,"column":10},"end":{"line":52,"column":11}}],"line":44},"16":{"loc":{"start":{"line":45,"column":12},"end":{"line":49,"column":13}},"type":"if","locations":[{"start":{"line":45,"column":12},"end":{"line":49,"column":13}},{"start":{"line":45,"column":12},"end":{"line":49,"column":13}}],"line":45},"17":{"loc":{"start":{"line":46,"column":14},"end":{"line":48,"column":15}},"type":"if","locations":[{"start":{"line":46,"column":14},"end":{"line":48,"column":15}},{"start":{"line":46,"column":14},"end":{"line":48,"column":15}}],"line":46},"18":{"loc":{"start":{"line":54,"column":10},"end":{"line":56,"column":11}},"type":"if","locations":[{"start":{"line":54,"column":10},"end":{"line":56,"column":11}},{"start":{"line":54,"column":10},"end":{"line":56,"column":11}}],"line":54}},"s":{"0":15,"1":15,"2":15,"3":13,"4":14,"5":14,"6":16,"7":16,"8":10,"9":6,"10":4,"11":6,"12":6,"13":6,"14":4,"15":3,"16":3,"17":4,"18":2,"19":2,"20":16,"21":14,"22":16,"23":6,"24":5,"25":4,"26":2,"27":2,"28":1,"29":1,"30":1,"31":14,"32":1},"f":{"0":15,"1":13,"2":14},"b":{"0":[0],"1":[4,12],"2":[10,6],"3":[16,14],"4":[6,4],"5":[4,2],"6":[6,0],"7":[4,2],"8":[3,1],"9":[3,0],"10":[2,2],"11":[2,0],"12":[14,2],"13":[6,10],"14":[5,1],"15":[4,1],"16":[2,2],"17":[2,0],"18":[1,0]},"_coverageSchema":"43e27e138ebf9cfc5966b082cf9a028302ed4184","hash":"b18a9bea608ff594a9f304e570105989ad3ffa39"}
}
