TN:
SF:F:\renterra\take-home-interview\js-jest\src\gilded_rose.js
FN:2,(anonymous_0)
FN:10,(anonymous_1)
FN:13,(anonymous_2)
FNF:3
FNH:3
FNDA:6,(anonymous_0)
FNDA:5,(anonymous_1)
FNDA:5,(anonymous_2)
DA:3,6
DA:4,6
DA:5,6
DA:11,5
DA:14,5
DA:15,6
DA:16,6
DA:17,4
DA:18,2
DA:19,2
DA:23,2
DA:24,2
DA:25,2
DA:26,0
DA:27,0
DA:28,0
DA:31,0
DA:32,0
DA:33,0
DA:39,6
DA:40,6
DA:42,6
DA:43,3
DA:44,2
DA:45,2
DA:46,1
DA:47,1
DA:51,0
DA:54,1
DA:55,1
DA:61,5
DA:65,1
LF:32
LH:25
BRDA:10,0,0,0
BRDA:15,1,0,0
BRDA:15,1,1,6
BRDA:16,2,0,4
BRDA:16,2,1,2
BRDA:16,3,0,6
BRDA:16,3,1,4
BRDA:17,4,0,2
BRDA:17,4,1,2
BRDA:18,5,0,2
BRDA:18,5,1,0
BRDA:23,6,0,2
BRDA:23,6,1,0
BRDA:25,7,0,0
BRDA:25,7,1,2
BRDA:26,8,0,0
BRDA:26,8,1,0
BRDA:27,9,0,0
BRDA:27,9,1,0
BRDA:31,10,0,0
BRDA:31,10,1,0
BRDA:32,11,0,0
BRDA:32,11,1,0
BRDA:39,12,0,6
BRDA:39,12,1,0
BRDA:42,13,0,3
BRDA:42,13,1,3
BRDA:43,14,0,2
BRDA:43,14,1,1
BRDA:44,15,0,2
BRDA:44,15,1,0
BRDA:45,16,0,1
BRDA:45,16,1,1
BRDA:46,17,0,1
BRDA:46,17,1,0
BRDA:54,18,0,1
BRDA:54,18,1,0
BRF:37
BRH:20
end_of_record
