TN:
SF:F:\renterra\take-home-interview\js-jest\src\gilded_rose.js
FN:2,(anonymous_0)
FN:10,(anonymous_1)
FN:13,(anonymous_2)
FNF:3
FNH:3
FNDA:4,(anonymous_0)
FNDA:3,(anonymous_1)
FNDA:3,(anonymous_2)
DA:3,4
DA:4,4
DA:5,4
DA:11,3
DA:14,3
DA:15,4
DA:16,4
DA:17,4
DA:18,2
DA:19,2
DA:23,0
DA:24,0
DA:25,0
DA:26,0
DA:27,0
DA:28,0
DA:31,0
DA:32,0
DA:33,0
DA:39,4
DA:40,4
DA:42,4
DA:43,2
DA:44,2
DA:45,2
DA:46,1
DA:47,1
DA:51,0
DA:54,0
DA:55,0
DA:61,3
DA:65,1
LF:32
LH:20
BRDA:10,0,0,0
BRDA:15,1,0,0
BRDA:15,1,1,4
BRDA:16,2,0,4
BRDA:16,2,1,0
BRDA:16,3,0,4
BRDA:16,3,1,4
BRDA:17,4,0,2
BRDA:17,4,1,2
BRDA:18,5,0,2
BRDA:18,5,1,0
BRDA:23,6,0,0
BRDA:23,6,1,0
BRDA:25,7,0,0
BRDA:25,7,1,0
BRDA:26,8,0,0
BRDA:26,8,1,0
BRDA:27,9,0,0
BRDA:27,9,1,0
BRDA:31,10,0,0
BRDA:31,10,1,0
BRDA:32,11,0,0
BRDA:32,11,1,0
BRDA:39,12,0,4
BRDA:39,12,1,0
BRDA:42,13,0,2
BRDA:42,13,1,2
BRDA:43,14,0,2
BRDA:43,14,1,0
BRDA:44,15,0,2
BRDA:44,15,1,0
BRDA:45,16,0,1
BRDA:45,16,1,1
BRDA:46,17,0,1
BRDA:46,17,1,0
BRDA:54,18,0,0
BRDA:54,18,1,0
BRF:37
BRH:15
end_of_record
